DEBUG - 2025-04-27 09:17:38 --> Session: Class initialized using 'CodeIgniter\Session\Handlers\FileHandler' driver.
DEBUG - 2025-04-27 09:18:00 --> Session: Class initialized using 'CodeIgniter\Session\Handlers\FileHandler' driver.
DEBUG - 2025-04-27 09:18:00 --> Request method: POST
DEBUG - 2025-04-27 09:18:00 --> Server vars: Array
(
    [REDIRECT_MIBDIRS] => C:/xampp/php/extras/mibs
    [REDIRECT_MYSQL_HOME] => \xampp\mysql\bin
    [REDIRECT_OPENSSL_CONF] => C:/xampp/apache/bin/openssl.cnf
    [REDIRECT_PHP_PEAR_SYSCONF_DIR] => \xampp\php
    [REDIRECT_PHPRC] => \xampp\php
    [REDIRECT_TMP] => \xampp\tmp
    [REDIRECT_STATUS] => 200
    [MIBDIRS] => C:/xampp/php/extras/mibs
    [MYSQL_HOME] => \xampp\mysql\bin
    [OPENSSL_CONF] => C:/xampp/apache/bin/openssl.cnf
    [PHP_PEAR_SYSCONF_DIR] => \xampp\php
    [PHPRC] => \xampp\php
    [TMP] => \xampp\tmp
    [HTTP_HOST] => localhost
    [HTTP_CONNECTION] => keep-alive
    [CONTENT_LENGTH] => 26
    [HTTP_SEC_CH_UA_PLATFORM] => "Windows"
    [HTTP_X_REQUESTED_WITH] => XMLHttpRequest
    [HTTP_USER_AGENT] => Mozilla/5.0 (Windows NT 10.0; Win64; x64) AppleWebKit/537.36 (KHTML, like Gecko) Chrome/135.0.0.0 Safari/537.36
    [HTTP_ACCEPT] => application/json, text/javascript, */*; q=0.01
    [HTTP_SEC_CH_UA] => "Google Chrome";v="135", "Not-A.Brand";v="8", "Chromium";v="135"
    [CONTENT_TYPE] => application/x-www-form-urlencoded; charset=UTF-8
    [HTTP_SEC_CH_UA_MOBILE] => ?0
    [HTTP_ORIGIN] => http://localhost
    [HTTP_SEC_FETCH_SITE] => same-origin
    [HTTP_SEC_FETCH_MODE] => cors
    [HTTP_SEC_FETCH_DEST] => empty
    [HTTP_REFERER] => http://localhost/raaz-v1/
    [HTTP_ACCEPT_ENCODING] => gzip, deflate, br, zstd
    [HTTP_ACCEPT_LANGUAGE] => en-GB,en;q=0.9,ar-SO;q=0.8,ar-SA;q=0.7,ar;q=0.6,en-US;q=0.5,so;q=0.4,az;q=0.3,fr;q=0.2,bn;q=0.1
    [HTTP_COOKIE] => __clerk_db_jwt_uiXFlAqC=dvb_2uxBEYukVCOMhUcnombmKsAQHua; __clerk_db_jwt=dvb_2uxBEYukVCOMhUcnombmKsAQHua; __refresh_uiXFlAqC=0sKHRXR6KFdLZF9ORnTk; __session_uiXFlAqC=eyJhbGciOiJSUzI1NiIsImNhdCI6ImNsX0I3ZDRQRDExMUFBQSIsImtpZCI6Imluc18ydXhCRUNZN3loWjlNT0x0VDRReXE2RE94YTUiLCJ0eXAiOiJKV1QifQ.eyJhenAiOiJodHRwOi8vbG9jYWxob3N0OjMwMDIiLCJleHAiOjE3NDMxODUwNjQsImZ2YSI6Wzc5LC0xXSwiaWF0IjoxNzQzMTg1MDA0LCJpc3MiOiJodHRwczovL3Vwd2FyZC1iYXNpbGlzay0xMi5jbGVyay5hY2NvdW50cy5kZXYiLCJuYmYiOjE3NDMxODQ5OTQsInNpZCI6InNlc3NfMnV4Qko5Z0JNTm8weDVvM2JESGNWZDc5dDhVIiwic3ViIjoidXNlcl8ydXhCSkRyVmFxaE4xSzlDYzVNNmJmalVXcVcifQ.S5a604D0LqFUfss4evanqAjjHzZvsGdk0Ab3wPRs2Drn9Zf6UvuYvuc9mq87T0C59pCagL6sdKx2RrdLumNcZjxea9qmuJN0QD5TBFhElBdV9To8dDmoSZ9fSDa8RnZM5Eug462HM93yGlk95tscbn9Xh5qNsypeqppRAb69-3sKjupV3YQwI5nf6O6U4jXgG7scjtOtxVo8dt8CmABdECLCEGv5zR_2lvtt9-wls-KJgsOtGOjRgQsi2fHZpTqbmfP1nP_r45FwPOv5FjvoDv0vDE6iyTEIS0gudDm595kOLl1Ojbh72T1cEFMYUvQM5mCDR_X_2nJRDZMjEMpgjg; __session=eyJhbGciOiJSUzI1NiIsImNhdCI6ImNsX0I3ZDRQRDExMUFBQSIsImtpZCI6Imluc18ydXhCRUNZN3loWjlNT0x0VDRReXE2RE94YTUiLCJ0eXAiOiJKV1QifQ.eyJhenAiOiJodHRwOi8vbG9jYWxob3N0OjMwMDIiLCJleHAiOjE3NDMxODUwNjQsImZ2YSI6Wzc5LC0xXSwiaWF0IjoxNzQzMTg1MDA0LCJpc3MiOiJodHRwczovL3Vwd2FyZC1iYXNpbGlzay0xMi5jbGVyay5hY2NvdW50cy5kZXYiLCJuYmYiOjE3NDMxODQ5OTQsInNpZCI6InNlc3NfMnV4Qko5Z0JNTm8weDVvM2JESGNWZDc5dDhVIiwic3ViIjoidXNlcl8ydXhCSkRyVmFxaE4xSzlDYzVNNmJmalVXcVcifQ.S5a604D0LqFUfss4evanqAjjHzZvsGdk0Ab3wPRs2Drn9Zf6UvuYvuc9mq87T0C59pCagL6sdKx2RrdLumNcZjxea9qmuJN0QD5TBFhElBdV9To8dDmoSZ9fSDa8RnZM5Eug462HM93yGlk95tscbn9Xh5qNsypeqppRAb69-3sKjupV3YQwI5nf6O6U4jXgG7scjtOtxVo8dt8CmABdECLCEGv5zR_2lvtt9-wls-KJgsOtGOjRgQsi2fHZpTqbmfP1nP_r45FwPOv5FjvoDv0vDE6iyTEIS0gudDm595kOLl1Ojbh72T1cEFMYUvQM5mCDR_X_2nJRDZMjEMpgjg; __client_uat_uiXFlAqC=1743180270; __client_uat=1743180270; debug-bar-tab=ci-routes; debug-bar-state=minimized; ci_session=61b45585a892076dacaa02e85c8bfbcb
    [PATH] => C:\Program Files (x86)\VMware\VMware Workstation\bin\;C:\Python313\Scripts\;C:\Python313\;C:\Program Files\Common Files\Oracle\Java\javapath;C:\WINDOWS\system32;C:\WINDOWS;C:\WINDOWS\System32\Wbem;C:\WINDOWS\System32\WindowsPowerShell\v1.0\;C:\WINDOWS\System32\OpenSSH\;C:\flutter\bin;C:\Program Files\Git\cmd;C:\Program Files\CursorModifier;C:\ProgramData\chocolatey\bin;C:\Program Files\nodejs\;C:\xampp\php;C:\WINDOWS\system32\config\systemprofile\AppData\Local\Microsoft\WindowsApps
    [SystemRoot] => C:\WINDOWS
    [COMSPEC] => C:\WINDOWS\system32\cmd.exe
    [PATHEXT] => .COM;.EXE;.BAT;.CMD;.VBS;.VBE;.JS;.JSE;.WSF;.WSH;.MSC;.PY;.PYW
    [WINDIR] => C:\WINDOWS
    [SERVER_SIGNATURE] => 
    [SERVER_SOFTWARE] => Apache/2.4.58 (Win64) OpenSSL/3.1.3 PHP/8.2.12
    [SERVER_NAME] => localhost
    [SERVER_ADDR] => ::1
    [SERVER_PORT] => 80
    [REMOTE_ADDR] => ::1
    [DOCUMENT_ROOT] => C:/xampp/htdocs
    [REQUEST_SCHEME] => http
    [CONTEXT_PREFIX] => 
    [CONTEXT_DOCUMENT_ROOT] => C:/xampp/htdocs
    [SERVER_ADMIN] => postmaster@localhost
    [SCRIPT_FILENAME] => C:/xampp/htdocs/raaz-v1/index.php
    [REMOTE_PORT] => 61023
    [REDIRECT_URL] => /raaz-v1/en/admin/login
    [GATEWAY_INTERFACE] => CGI/1.1
    [SERVER_PROTOCOL] => HTTP/1.1
    [REQUEST_METHOD] => POST
    [QUERY_STRING] => 
    [REQUEST_URI] => /raaz-v1/en/admin/login
    [SCRIPT_NAME] => /raaz-v1/index.php
    [PATH_INFO] => /en/admin/login
    [PATH_TRANSLATED] => C:\xampp\htdocs\en\admin\login
    [PHP_SELF] => /raaz-v1/index.php/en/admin/login
    [REQUEST_TIME_FLOAT] => 1745734680.057
    [REQUEST_TIME] => 1745734680
    [CI_ENVIRONMENT] => development
)

DEBUG - 2025-04-27 09:18:00 --> Form data - Username: omar, Password length: set
DEBUG - 2025-04-27 09:18:00 --> Raw post data: Array
(
    [username] => omar
    [password] => 123
)

DEBUG - 2025-04-27 09:18:00 --> Server POST: Array
(
    [username] => omar
    [password] => 123
)

DEBUG - 2025-04-27 09:18:00 --> Login result: {"success":true,"message":"Login Successful","sess":{"user":{"user_id":"1","ut_id":"1","fullname":"Omar Haji","user_name":"omar","passwd":"$2y$10$b4e92VOnXQQMhPs7yfu9N.XGkW7XX\/84Jh1YMsfcxgy5Cx\/1FKszG","user_tell":"0613646438","user_email":"omar@raed.so","user_img":"1700038298-RAED-1699968802-RAED-haji1.jpg","role":"SuperAdmin","profile_no":"162f3956","user_status":"Active","user_timestamp":"1681026638","branch_id":"0","companyId":"1"},"ut_id":"1","isLoggedIn":true,"branch_name":"ALRAYYAN CAFETERIA"}}
DEBUG - 2025-04-27 09:18:00 --> Session: Class initialized using 'CodeIgniter\Session\Handlers\FileHandler' driver.
DEBUG - 2025-04-27 09:18:13 --> Session: Class initialized using 'CodeIgniter\Session\Handlers\FileHandler' driver.
DEBUG - 2025-04-27 09:18:19 --> Session: Class initialized using 'CodeIgniter\Session\Handlers\FileHandler' driver.
DEBUG - 2025-04-27 09:18:26 --> Session: Class initialized using 'CodeIgniter\Session\Handlers\FileHandler' driver.
DEBUG - 2025-04-27 09:18:26 --> Session: Class initialized using 'CodeIgniter\Session\Handlers\FileHandler' driver.
DEBUG - 2025-04-27 09:18:27 --> Session: Class initialized using 'CodeIgniter\Session\Handlers\FileHandler' driver.
DEBUG - 2025-04-27 09:18:28 --> Session: Class initialized using 'CodeIgniter\Session\Handlers\FileHandler' driver.
DEBUG - 2025-04-27 09:18:28 --> Request method: POST
DEBUG - 2025-04-27 09:18:28 --> Server vars: Array
(
    [REDIRECT_MIBDIRS] => C:/xampp/php/extras/mibs
    [REDIRECT_MYSQL_HOME] => \xampp\mysql\bin
    [REDIRECT_OPENSSL_CONF] => C:/xampp/apache/bin/openssl.cnf
    [REDIRECT_PHP_PEAR_SYSCONF_DIR] => \xampp\php
    [REDIRECT_PHPRC] => \xampp\php
    [REDIRECT_TMP] => \xampp\tmp
    [REDIRECT_STATUS] => 200
    [MIBDIRS] => C:/xampp/php/extras/mibs
    [MYSQL_HOME] => \xampp\mysql\bin
    [OPENSSL_CONF] => C:/xampp/apache/bin/openssl.cnf
    [PHP_PEAR_SYSCONF_DIR] => \xampp\php
    [PHPRC] => \xampp\php
    [TMP] => \xampp\tmp
    [HTTP_HOST] => localhost
    [HTTP_CONNECTION] => keep-alive
    [CONTENT_LENGTH] => 26
    [HTTP_SEC_CH_UA_PLATFORM] => "Windows"
    [HTTP_X_REQUESTED_WITH] => XMLHttpRequest
    [HTTP_USER_AGENT] => Mozilla/5.0 (Windows NT 10.0; Win64; x64) AppleWebKit/537.36 (KHTML, like Gecko) Chrome/135.0.0.0 Safari/537.36
    [HTTP_ACCEPT] => application/json, text/javascript, */*; q=0.01
    [HTTP_SEC_CH_UA] => "Google Chrome";v="135", "Not-A.Brand";v="8", "Chromium";v="135"
    [CONTENT_TYPE] => application/x-www-form-urlencoded; charset=UTF-8
    [HTTP_SEC_CH_UA_MOBILE] => ?0
    [HTTP_ORIGIN] => http://localhost
    [HTTP_SEC_FETCH_SITE] => same-origin
    [HTTP_SEC_FETCH_MODE] => cors
    [HTTP_SEC_FETCH_DEST] => empty
    [HTTP_REFERER] => http://localhost/raaz-v1/en/admin/auth
    [HTTP_ACCEPT_ENCODING] => gzip, deflate, br, zstd
    [HTTP_ACCEPT_LANGUAGE] => en-GB,en;q=0.9,ar-SO;q=0.8,ar-SA;q=0.7,ar;q=0.6,en-US;q=0.5,so;q=0.4,az;q=0.3,fr;q=0.2,bn;q=0.1
    [HTTP_COOKIE] => __clerk_db_jwt_uiXFlAqC=dvb_2uxBEYukVCOMhUcnombmKsAQHua; __clerk_db_jwt=dvb_2uxBEYukVCOMhUcnombmKsAQHua; __refresh_uiXFlAqC=0sKHRXR6KFdLZF9ORnTk; __session_uiXFlAqC=eyJhbGciOiJSUzI1NiIsImNhdCI6ImNsX0I3ZDRQRDExMUFBQSIsImtpZCI6Imluc18ydXhCRUNZN3loWjlNT0x0VDRReXE2RE94YTUiLCJ0eXAiOiJKV1QifQ.eyJhenAiOiJodHRwOi8vbG9jYWxob3N0OjMwMDIiLCJleHAiOjE3NDMxODUwNjQsImZ2YSI6Wzc5LC0xXSwiaWF0IjoxNzQzMTg1MDA0LCJpc3MiOiJodHRwczovL3Vwd2FyZC1iYXNpbGlzay0xMi5jbGVyay5hY2NvdW50cy5kZXYiLCJuYmYiOjE3NDMxODQ5OTQsInNpZCI6InNlc3NfMnV4Qko5Z0JNTm8weDVvM2JESGNWZDc5dDhVIiwic3ViIjoidXNlcl8ydXhCSkRyVmFxaE4xSzlDYzVNNmJmalVXcVcifQ.S5a604D0LqFUfss4evanqAjjHzZvsGdk0Ab3wPRs2Drn9Zf6UvuYvuc9mq87T0C59pCagL6sdKx2RrdLumNcZjxea9qmuJN0QD5TBFhElBdV9To8dDmoSZ9fSDa8RnZM5Eug462HM93yGlk95tscbn9Xh5qNsypeqppRAb69-3sKjupV3YQwI5nf6O6U4jXgG7scjtOtxVo8dt8CmABdECLCEGv5zR_2lvtt9-wls-KJgsOtGOjRgQsi2fHZpTqbmfP1nP_r45FwPOv5FjvoDv0vDE6iyTEIS0gudDm595kOLl1Ojbh72T1cEFMYUvQM5mCDR_X_2nJRDZMjEMpgjg; __session=eyJhbGciOiJSUzI1NiIsImNhdCI6ImNsX0I3ZDRQRDExMUFBQSIsImtpZCI6Imluc18ydXhCRUNZN3loWjlNT0x0VDRReXE2RE94YTUiLCJ0eXAiOiJKV1QifQ.eyJhenAiOiJodHRwOi8vbG9jYWxob3N0OjMwMDIiLCJleHAiOjE3NDMxODUwNjQsImZ2YSI6Wzc5LC0xXSwiaWF0IjoxNzQzMTg1MDA0LCJpc3MiOiJodHRwczovL3Vwd2FyZC1iYXNpbGlzay0xMi5jbGVyay5hY2NvdW50cy5kZXYiLCJuYmYiOjE3NDMxODQ5OTQsInNpZCI6InNlc3NfMnV4Qko5Z0JNTm8weDVvM2JESGNWZDc5dDhVIiwic3ViIjoidXNlcl8ydXhCSkRyVmFxaE4xSzlDYzVNNmJmalVXcVcifQ.S5a604D0LqFUfss4evanqAjjHzZvsGdk0Ab3wPRs2Drn9Zf6UvuYvuc9mq87T0C59pCagL6sdKx2RrdLumNcZjxea9qmuJN0QD5TBFhElBdV9To8dDmoSZ9fSDa8RnZM5Eug462HM93yGlk95tscbn9Xh5qNsypeqppRAb69-3sKjupV3YQwI5nf6O6U4jXgG7scjtOtxVo8dt8CmABdECLCEGv5zR_2lvtt9-wls-KJgsOtGOjRgQsi2fHZpTqbmfP1nP_r45FwPOv5FjvoDv0vDE6iyTEIS0gudDm595kOLl1Ojbh72T1cEFMYUvQM5mCDR_X_2nJRDZMjEMpgjg; __client_uat_uiXFlAqC=1743180270; __client_uat=1743180270; debug-bar-tab=ci-routes; debug-bar-state=minimized; ci_session=b92938c9c4f82fefcafc4aef1058e70f
    [PATH] => C:\Program Files (x86)\VMware\VMware Workstation\bin\;C:\Python313\Scripts\;C:\Python313\;C:\Program Files\Common Files\Oracle\Java\javapath;C:\WINDOWS\system32;C:\WINDOWS;C:\WINDOWS\System32\Wbem;C:\WINDOWS\System32\WindowsPowerShell\v1.0\;C:\WINDOWS\System32\OpenSSH\;C:\flutter\bin;C:\Program Files\Git\cmd;C:\Program Files\CursorModifier;C:\ProgramData\chocolatey\bin;C:\Program Files\nodejs\;C:\xampp\php;C:\WINDOWS\system32\config\systemprofile\AppData\Local\Microsoft\WindowsApps
    [SystemRoot] => C:\WINDOWS
    [COMSPEC] => C:\WINDOWS\system32\cmd.exe
    [PATHEXT] => .COM;.EXE;.BAT;.CMD;.VBS;.VBE;.JS;.JSE;.WSF;.WSH;.MSC;.PY;.PYW
    [WINDIR] => C:\WINDOWS
    [SERVER_SIGNATURE] => 
    [SERVER_SOFTWARE] => Apache/2.4.58 (Win64) OpenSSL/3.1.3 PHP/8.2.12
    [SERVER_NAME] => localhost
    [SERVER_ADDR] => ::1
    [SERVER_PORT] => 80
    [REMOTE_ADDR] => ::1
    [DOCUMENT_ROOT] => C:/xampp/htdocs
    [REQUEST_SCHEME] => http
    [CONTEXT_PREFIX] => 
    [CONTEXT_DOCUMENT_ROOT] => C:/xampp/htdocs
    [SERVER_ADMIN] => postmaster@localhost
    [SCRIPT_FILENAME] => C:/xampp/htdocs/raaz-v1/index.php
    [REMOTE_PORT] => 61083
    [REDIRECT_URL] => /raaz-v1/en/admin/login
    [GATEWAY_INTERFACE] => CGI/1.1
    [SERVER_PROTOCOL] => HTTP/1.1
    [REQUEST_METHOD] => POST
    [QUERY_STRING] => 
    [REQUEST_URI] => /raaz-v1/en/admin/login
    [SCRIPT_NAME] => /raaz-v1/index.php
    [PATH_INFO] => /en/admin/login
    [PATH_TRANSLATED] => C:\xampp\htdocs\en\admin\login
    [PHP_SELF] => /raaz-v1/index.php/en/admin/login
    [REQUEST_TIME_FLOAT] => 1745734708.7709
    [REQUEST_TIME] => 1745734708
    [CI_ENVIRONMENT] => development
)

DEBUG - 2025-04-27 09:18:28 --> Form data - Username: omar, Password length: set
DEBUG - 2025-04-27 09:18:28 --> Raw post data: Array
(
    [username] => omar
    [password] => 123
)

DEBUG - 2025-04-27 09:18:28 --> Server POST: Array
(
    [username] => omar
    [password] => 123
)

DEBUG - 2025-04-27 09:18:29 --> Login result: {"success":true,"message":"Login Successful","sess":{"user":{"user_id":"1","ut_id":"1","fullname":"Omar Haji","user_name":"omar","passwd":"$2y$10$b4e92VOnXQQMhPs7yfu9N.XGkW7XX\/84Jh1YMsfcxgy5Cx\/1FKszG","user_tell":"0613646438","user_email":"omar@raed.so","user_img":"1700038298-RAED-1699968802-RAED-haji1.jpg","role":"SuperAdmin","profile_no":"162f3956","user_status":"Active","user_timestamp":"1681026638","branch_id":"0","companyId":"1"},"ut_id":"1","isLoggedIn":true,"branch_name":"ALRAYYAN CAFETERIA"}}
DEBUG - 2025-04-27 09:18:29 --> Session: Class initialized using 'CodeIgniter\Session\Handlers\FileHandler' driver.
DEBUG - 2025-04-27 09:19:25 --> Session: Class initialized using 'CodeIgniter\Session\Handlers\FileHandler' driver.
